# JRE version: OpenJDK Runtime Environment Temurin-21.0.9+10 (21.0.9+10) (build 21.0.9+10-LTS)
# Java VM: OpenJDK 64-Bit Server VM Temurin-21.0.9+10 (21.0.9+10-LTS, mixed mode, sharing, tiered, compressed oops, compressed class ptrs, parallel gc, windows-amd64)
GC Precious Log:
 CardTable entry size: 512
 CPUs: 8 total, 8 available
 Memory: 5966M
 Large Page Support: Disabled
 NUMA Support: Disabled
 Compressed Oops: Enabled (32-bit)
 Alignments: Space 512K, Generation 512K, Heap 2M
 Heap Min Capacity: 100M
 Heap Initial Capacity: 100M
 Heap Max Capacity: 2G
 Pre-touch: Disabled
 Parallel Workers: 8
Heap:
 PSYoungGen      total 2560K, used 2541K [0x00000000d5580000, 0x00000000d5980000, 0x0000000100000000)
  eden space 1536K, 100% used [0x00000000d5580000,0x00000000d5700000,0x00000000d5700000)
  from space 1024K, 98% used [0x00000000d5780000,0x00000000d587b600,0x00000000d5880000)
  to   space 1024K, 0% used [0x00000000d5880000,0x00000000d5880000,0x00000000d5980000)
 ParOldGen       total 1266176K, used 1265728K [0x0000000080000000, 0x00000000cd480000, 0x00000000d5580000)
  object space 1266176K, 99% used [0x0000000080000000,0x00000000cd4103b0,0x00000000cd480000)
 Metaspace       used 91117K, committed 92672K, reserved 1179648K
  class space    used 9040K, committed 9792K, reserved 1048576K
GC Heap History (20 events):
Event: 87467.090 GC heap before
{Heap before GC invocations=7078 (full 7):
 PSYoungGen      total 3584K, used 2783K [0x00000000d5580000, 0x00000000d5980000, 0x0000000100000000)
  eden space 2560K, 99% used [0x00000000d5580000,0x00000000d57ffff0,0x00000000d5800000)
  from space 1024K, 21% used [0x00000000d5800000,0x00000000d5838000,0x00000000d5900000)
  to   space 512K, 0% used [0x00000000d5900000,0x00000000d5900000,0x00000000d5980000)
 ParOldGen       total 1257984K, used 1257907K [0x0000000080000000, 0x00000000ccc80000, 0x00000000d5580000)
  object space 1257984K, 99% used [0x0000000080000000,0x00000000ccc6ce90,0x00000000ccc80000)
 Metaspace       used 91117K, committed 92672K, reserved 1179648K
  class space    used 9040K, committed 9792K, reserved 1048576K
}
Event: 87467.094 GC heap after
{Heap after GC invocations=7078 (full 7):
 PSYoungGen      total 3072K, used 272K [0x00000000d5580000, 0x00000000d5980000, 0x0000000100000000)
  eden space 2560K, 0% used [0x00000000d5580000,0x00000000d5580000,0x00000000d5800000)
  from space 512K, 53% used [0x00000000d5900000,0x00000000d5944010,0x00000000d5980000)
  to   space 512K, 0% used [0x00000000d5880000,0x00000000d5880000,0x00000000d5900000)
 ParOldGen       total 1257984K, used 1257963K [0x0000000080000000, 0x00000000ccc80000, 0x00000000d5580000)
  object space 1257984K, 99% used [0x0000000080000000,0x00000000ccc7ae90,0x00000000ccc80000)
 Metaspace       used 91117K, committed 92672K, reserved 1179648K
  class space    used 9040K, committed 9792K, reserved 1048576K
}
Event: 87467.954 GC heap before
{Heap before GC invocations=7079 (full 7):
 PSYoungGen      total 3072K, used 2832K [0x00000000d5580000, 0x00000000d5980000, 0x0000000100000000)
  eden space 2560K, 100% used [0x00000000d5580000,0x00000000d5800000,0x00000000d5800000)
  from space 512K, 53% used [0x00000000d5900000,0x00000000d5944010,0x00000000d5980000)
  to   space 512K, 0% used [0x00000000d5880000,0x00000000d5880000,0x00000000d5900000)
 ParOldGen       total 1257984K, used 1257963K [0x0000000080000000, 0x00000000ccc80000, 0x00000000d5580000)
  object space 1257984K, 99% used [0x0000000080000000,0x00000000ccc7ae90,0x00000000ccc80000)
 Metaspace       used 91117K, committed 92672K, reserved 1179648K
  class space    used 9040K, committed 9792K, reserved 1048576K
}
Event: 87467.960 GC heap after
{Heap after GC invocations=7079 (full 7):
 PSYoungGen      total 3072K, used 499K [0x00000000d5580000, 0x00000000d5b00000, 0x0000000100000000)
  eden space 2560K, 0% used [0x00000000d5580000,0x00000000d5580000,0x00000000d5800000)
  from space 512K, 97% used [0x00000000d5880000,0x00000000d58fce80,0x00000000d5900000)
  to   space 1536K, 0% used [0x00000000d5980000,0x00000000d5980000,0x00000000d5b00000)
 ParOldGen       total 1259008K, used 1258767K [0x0000000080000000, 0x00000000ccd80000, 0x00000000d5580000)
  object space 1259008K, 99% used [0x0000000080000000,0x00000000ccd43d10,0x00000000ccd80000)
 Metaspace       used 91117K, committed 92672K, reserved 1179648K
  class space    used 9040K, committed 9792K, reserved 1048576K
}
Event: 87467.970 GC heap before
{Heap before GC invocations=7080 (full 7):
 PSYoungGen      total 3072K, used 3059K [0x00000000d5580000, 0x00000000d5b00000, 0x0000000100000000)
  eden space 2560K, 100% used [0x00000000d5580000,0x00000000d5800000,0x00000000d5800000)
  from space 512K, 97% used [0x00000000d5880000,0x00000000d58fce80,0x00000000d5900000)
  to   space 1536K, 0% used [0x00000000d5980000,0x00000000d5980000,0x00000000d5b00000)
 ParOldGen       total 1259008K, used 1258767K [0x0000000080000000, 0x00000000ccd80000, 0x00000000d5580000)
  object space 1259008K, 99% used [0x0000000080000000,0x00000000ccd43d10,0x00000000ccd80000)
 Metaspace       used 91117K, committed 92672K, reserved 1179648K
  class space    used 9040K, committed 9792K, reserved 1048576K
}
Event: 87468.977 GC heap after
{Heap after GC invocations=7080 (full 7):
 PSYoungGen      total 2048K, used 1536K [0x00000000d5580000, 0x00000000d5f00000, 0x0000000100000000)
  eden space 512K, 0% used [0x00000000d5580000,0x00000000d5580000,0x00000000d5600000)
  from space 1536K, 100% used [0x00000000d5980000,0x00000000d5b00000,0x00000000d5b00000)
  to   space 3584K, 0% used [0x00000000d5600000,0x00000000d5600000,0x00000000d5980000)
 ParOldGen       total 1260544K, used 1260242K [0x0000000080000000, 0x00000000ccf00000, 0x00000000d5580000)
  object space 1260544K, 99% used [0x0000000080000000,0x00000000cceb4bb0,0x00000000ccf00000)
 Metaspace       used 91117K, committed 92672K, reserved 1179648K
  class space    used 9040K, committed 9792K, reserved 1048576K
}
Event: 87468.983 GC heap before
{Heap before GC invocations=7081 (full 7):
 PSYoungGen      total 2048K, used 2047K [0x00000000d5580000, 0x00000000d5f00000, 0x0000000100000000)
  eden space 512K, 99% used [0x00000000d5580000,0x00000000d55fffd0,0x00000000d5600000)
  from space 1536K, 100% used [0x00000000d5980000,0x00000000d5b00000,0x00000000d5b00000)
  to   space 3584K, 0% used [0x00000000d5600000,0x00000000d5600000,0x00000000d5980000)
 ParOldGen       total 1260544K, used 1260242K [0x0000000080000000, 0x00000000ccf00000, 0x00000000d5580000)
  object space 1260544K, 99% used [0x0000000080000000,0x00000000cceb4bb0,0x00000000ccf00000)
 Metaspace       used 91117K, committed 92672K, reserved 1179648K
  class space    used 9040K, committed 9792K, reserved 1048576K
}
Event: 87468.994 GC heap after
{Heap after GC invocations=7081 (full 7):
 PSYoungGen      total 1536K, used 608K [0x00000000d5580000, 0x00000000d5a00000, 0x0000000100000000)
  eden space 512K, 0% used [0x00000000d5580000,0x00000000d5580000,0x00000000d5600000)
  from space 1024K, 59% used [0x00000000d5600000,0x00000000d5698000,0x00000000d5700000)
  to   space 1536K, 0% used [0x00000000d5880000,0x00000000d5880000,0x00000000d5a00000)
 ParOldGen       total 1262080K, used 1261810K [0x0000000080000000, 0x00000000cd080000, 0x00000000d5580000)
  object space 1262080K, 99% used [0x0000000080000000,0x00000000cd03cbb0,0x00000000cd080000)
 Metaspace       used 91117K, committed 92672K, reserved 1179648K
  class space    used 9040K, committed 9792K, reserved 1048576K
}
Event: 87469.000 GC heap before
{Heap before GC invocations=7082 (full 7):
 PSYoungGen      total 1536K, used 1120K [0x00000000d5580000, 0x00000000d5a00000, 0x0000000100000000)
  eden space 512K, 100% used [0x00000000d5580000,0x00000000d5600000,0x00000000d5600000)
  from space 1024K, 59% used [0x00000000d5600000,0x00000000d5698000,0x00000000d5700000)
  to   space 1536K, 0% used [0x00000000d5880000,0x00000000d5880000,0x00000000d5a00000)
 ParOldGen       total 1262080K, used 1261810K [0x0000000080000000, 0x00000000cd080000, 0x00000000d5580000)
  object space 1262080K, 99% used [0x0000000080000000,0x00000000cd03cbb0,0x00000000cd080000)
 Metaspace       used 91117K, committed 92672K, reserved 1179648K
  class space    used 9040K, committed 9792K, reserved 1048576K
}
Event: 87469.007 GC heap after
{Heap after GC invocations=7082 (full 7):
 PSYoungGen      total 1536K, used 640K [0x00000000d5580000, 0x00000000d5980000, 0x0000000100000000)
  eden space 512K, 0% used [0x00000000d5580000,0x00000000d5580000,0x00000000d5600000)
  from space 1024K, 62% used [0x00000000d5880000,0x00000000d5920000,0x00000000d5980000)
  to   space 1024K, 0% used [0x00000000d5600000,0x00000000d5600000,0x00000000d5700000)
 ParOldGen       total 1262592K, used 1262314K [0x0000000080000000, 0x00000000cd100000, 0x00000000d5580000)
  object space 1262592K, 99% used [0x0000000080000000,0x00000000cd0babb0,0x00000000cd100000)
 Metaspace       used 91117K, committed 92672K, reserved 1179648K
  class space    used 9040K, committed 9792K, reserved 1048576K
}
Event: 87469.013 GC heap before
{Heap before GC invocations=7083 (full 7):
 PSYoungGen      total 1536K, used 1152K [0x00000000d5580000, 0x00000000d5980000, 0x0000000100000000)
  eden space 512K, 100% used [0x00000000d5580000,0x00000000d5600000,0x00000000d5600000)
  from space 1024K, 62% used [0x00000000d5880000,0x00000000d5920000,0x00000000d5980000)
  to   space 1024K, 0% used [0x00000000d5600000,0x00000000d5600000,0x00000000d5700000)
 ParOldGen       total 1262592K, used 1262314K [0x0000000080000000, 0x00000000cd100000, 0x00000000d5580000)
  object space 1262592K, 99% used [0x0000000080000000,0x00000000cd0babb0,0x00000000cd100000)
 Metaspace       used 91117K, committed 92672K, reserved 1179648K
  class space    used 9040K, committed 9792K, reserved 1048576K
}
Event: 87469.018 GC heap after
{Heap after GC invocations=7083 (full 7):
 PSYoungGen      total 1536K, used 608K [0x00000000d5580000, 0x00000000d5900000, 0x0000000100000000)
  eden space 512K, 0% used [0x00000000d5580000,0x00000000d5580000,0x00000000d5600000)
  from space 1024K, 59% used [0x00000000d5600000,0x00000000d5698000,0x00000000d5700000)
  to   space 1024K, 0% used [0x00000000d5800000,0x00000000d5800000,0x00000000d5900000)
 ParOldGen       total 1263104K, used 1262826K [0x0000000080000000, 0x00000000cd180000, 0x00000000d5580000)
  object space 1263104K, 99% used [0x0000000080000000,0x00000000cd13abb0,0x00000000cd180000)
 Metaspace       used 91117K, committed 92672K, reserved 1179648K
  class space    used 9040K, committed 9792K, reserved 1048576K
}
Event: 87469.027 GC heap before
{Heap before GC invocations=7084 (full 7):
 PSYoungGen      total 1536K, used 1120K [0x00000000d5580000, 0x00000000d5900000, 0x0000000100000000)
  eden space 512K, 100% used [0x00000000d5580000,0x00000000d5600000,0x00000000d5600000)
  from space 1024K, 59% used [0x00000000d5600000,0x00000000d5698000,0x00000000d5700000)
  to   space 1024K, 0% used [0x00000000d5800000,0x00000000d5800000,0x00000000d5900000)
 ParOldGen       total 1263104K, used 1262826K [0x0000000080000000, 0x00000000cd180000, 0x00000000d5580000)
  object space 1263104K, 99% used [0x0000000080000000,0x00000000cd13abb0,0x00000000cd180000)
 Metaspace       used 91117K, committed 92672K, reserved 1179648K
  class space    used 9040K, committed 9792K, reserved 1048576K
}
Event: 87469.034 GC heap after
{Heap after GC invocations=7084 (full 7):
 PSYoungGen      total 1536K, used 497K [0x00000000d5580000, 0x00000000d5880000, 0x0000000100000000)
  eden space 1024K, 0% used [0x00000000d5580000,0x00000000d5580000,0x00000000d5680000)
  from space 512K, 97% used [0x00000000d5800000,0x00000000d587c700,0x00000000d5880000)
  to   space 1024K, 0% used [0x00000000d5680000,0x00000000d5680000,0x00000000d5780000)
 ParOldGen       total 1263616K, used 1263330K [0x0000000080000000, 0x00000000cd200000, 0x00000000d5580000)
  object space 1263616K, 99% used [0x0000000080000000,0x00000000cd1b8bb0,0x00000000cd200000)
 Metaspace       used 91117K, committed 92672K, reserved 1179648K
  class space    used 9040K, committed 9792K, reserved 1048576K
}
Event: 87469.051 GC heap before
{Heap before GC invocations=7085 (full 7):
 PSYoungGen      total 1536K, used 1521K [0x00000000d5580000, 0x00000000d5880000, 0x0000000100000000)
  eden space 1024K, 100% used [0x00000000d5580000,0x00000000d5680000,0x00000000d5680000)
  from space 512K, 97% used [0x00000000d5800000,0x00000000d587c700,0x00000000d5880000)
  to   space 1024K, 0% used [0x00000000d5680000,0x00000000d5680000,0x00000000d5780000)
 ParOldGen       total 1263616K, used 1263330K [0x0000000080000000, 0x00000000cd200000, 0x00000000d5580000)
  object space 1263616K, 99% used [0x0000000080000000,0x00000000cd1b8bb0,0x00000000cd200000)
 Metaspace       used 91117K, committed 92672K, reserved 1179648K
  class space    used 9040K, committed 9792K, reserved 1048576K
}
Event: 87469.057 GC heap after
{Heap after GC invocations=7085 (full 7):
 PSYoungGen      total 2048K, used 967K [0x00000000d5580000, 0x00000000d5a00000, 0x0000000100000000)
  eden space 1024K, 0% used [0x00000000d5580000,0x00000000d5580000,0x00000000d5680000)
  from space 1024K, 94% used [0x00000000d5680000,0x00000000d5771c00,0x00000000d5780000)
  to   space 1536K, 0% used [0x00000000d5880000,0x00000000d5880000,0x00000000d5a00000)
 ParOldGen       total 1264128K, used 1263618K [0x0000000080000000, 0x00000000cd280000, 0x00000000d5580000)
  object space 1264128K, 99% used [0x0000000080000000,0x00000000cd200bb0,0x00000000cd280000)
 Metaspace       used 91117K, committed 92672K, reserved 1179648K
  class space    used 9040K, committed 9792K, reserved 1048576K
}
Event: 87469.067 GC heap before
{Heap before GC invocations=7086 (full 7):
 PSYoungGen      total 2048K, used 1719K [0x00000000d5580000, 0x00000000d5a00000, 0x0000000100000000)
  eden space 1024K, 73% used [0x00000000d5580000,0x00000000d563c318,0x00000000d5680000)
  from space 1024K, 94% used [0x00000000d5680000,0x00000000d5771c00,0x00000000d5780000)
  to   space 1536K, 0% used [0x00000000d5880000,0x00000000d5880000,0x00000000d5a00000)
 ParOldGen       total 1264128K, used 1263618K [0x0000000080000000, 0x00000000cd280000, 0x00000000d5580000)
  object space 1264128K, 99% used [0x0000000080000000,0x00000000cd200bb0,0x00000000cd280000)
 Metaspace       used 91117K, committed 92672K, reserved 1179648K
  class space    used 9040K, committed 9792K, reserved 1048576K
}
Event: 87469.075 GC heap after
{Heap after GC invocations=7086 (full 7):
 PSYoungGen      total 2560K, used 871K [0x00000000d5580000, 0x00000000d5980000, 0x0000000100000000)
  eden space 1536K, 0% used [0x00000000d5580000,0x00000000d5580000,0x00000000d5700000)
  from space 1024K, 85% used [0x00000000d5880000,0x00000000d5959c00,0x00000000d5980000)
  to   space 1024K, 0% used [0x00000000d5780000,0x00000000d5780000,0x00000000d5880000)
 ParOldGen       total 1264640K, used 1264433K [0x0000000080000000, 0x00000000cd300000, 0x00000000d5580000)
  object space 1264640K, 99% used [0x0000000080000000,0x00000000cd2cc7b0,0x00000000cd300000)
 Metaspace       used 91117K, committed 92672K, reserved 1179648K
  class space    used 9040K, committed 9792K, reserved 1048576K
}
Event: 87469.143 GC heap before
{Heap before GC invocations=7087 (full 7):
 PSYoungGen      total 2560K, used 2407K [0x00000000d5580000, 0x00000000d5980000, 0x0000000100000000)
  eden space 1536K, 100% used [0x00000000d5580000,0x00000000d5700000,0x00000000d5700000)
  from space 1024K, 85% used [0x00000000d5880000,0x00000000d5959c00,0x00000000d5980000)
  to   space 1024K, 0% used [0x00000000d5780000,0x00000000d5780000,0x00000000d5880000)
 ParOldGen       total 1264640K, used 1264433K [0x0000000080000000, 0x00000000cd300000, 0x00000000d5580000)
  object space 1264640K, 99% used [0x0000000080000000,0x00000000cd2cc7b0,0x00000000cd300000)
 Metaspace       used 91117K, committed 92672K, reserved 1179648K
  class space    used 9040K, committed 9792K, reserved 1048576K
}
Event: 87472.177 GC heap after
{Heap after GC invocations=7087 (full 7):
 PSYoungGen      total 2560K, used 1005K [0x00000000d5580000, 0x00000000d5980000, 0x0000000100000000)
  eden space 1536K, 0% used [0x00000000d5580000,0x00000000d5580000,0x00000000d5700000)
  from space 1024K, 98% used [0x00000000d5780000,0x00000000d587b600,0x00000000d5880000)
  to   space 1024K, 0% used [0x00000000d5880000,0x00000000d5880000,0x00000000d5980000)
 ParOldGen       total 1266176K, used 1265728K [0x0000000080000000, 0x00000000cd480000, 0x00000000d5580000)
  object space 1266176K, 99% used [0x0000000080000000,0x00000000cd4103b0,0x00000000cd480000)
 Metaspace       used 91117K, committed 92672K, reserved 1179648K
  class space    used 9040K, committed 9792K, reserved 1048576K
}

