# JRE version: OpenJDK Runtime Environment Temurin-21.0.9+10 (21.0.9+10) (build 21.0.9+10-LTS)
# Java VM: OpenJDK 64-Bit Server VM Temurin-21.0.9+10 (21.0.9+10-LTS, mixed mode, sharing, tiered, compressed oops, compressed class ptrs, parallel gc, windows-amd64)
GC Precious Log:
 CardTable entry size: 512
 CPUs: 8 total, 8 available
 Memory: 5966M
 Large Page Support: Disabled
 NUMA Support: Disabled
 Compressed Oops: Enabled (32-bit)
 Alignments: Space 512K, Generation 512K, Heap 2M
 Heap Min Capacity: 100M
 Heap Initial Capacity: 100M
 Heap Max Capacity: 2G
 Pre-touch: Disabled
 Parallel Workers: 8
Heap:
 PSYoungGen      total 7680K, used 7447K [0x00000000d5580000, 0x00000000d5e00000, 0x0000000100000000)
  eden space 7168K, 98% used [0x00000000d5580000,0x00000000d5c5df98,0x00000000d5c80000)
  from space 512K, 81% used [0x00000000d5d80000,0x00000000d5de8000,0x00000000d5e00000)
  to   space 512K, 62% used [0x00000000d5d00000,0x00000000d5d50000,0x00000000d5d80000)
 ParOldGen       total 703488K, used 703359K [0x0000000080000000, 0x00000000aaf00000, 0x00000000d5580000)
  object space 703488K, 99% used [0x0000000080000000,0x00000000aaedfd88,0x00000000aaf00000)
 Metaspace       used 85701K, committed 87424K, reserved 1179648K
  class space    used 8885K, committed 9664K, reserved 1048576K
GC Heap History (20 events):
Event: 4196.450 GC heap before
{Heap before GC invocations=1020 (full 4):
 PSYoungGen      total 5632K, used 4625K [0x00000000d5580000, 0x00000000d5c00000, 0x0000000100000000)
  eden space 5120K, 86% used [0x00000000d5580000,0x00000000d59d44c0,0x00000000d5a80000)
  from space 512K, 37% used [0x00000000d5b00000,0x00000000d5b30000,0x00000000d5b80000)
  to   space 512K, 0% used [0x00000000d5b80000,0x00000000d5b80000,0x00000000d5c00000)
 ParOldGen       total 699392K, used 699211K [0x0000000080000000, 0x00000000aab00000, 0x00000000d5580000)
  object space 699392K, 99% used [0x0000000080000000,0x00000000aaad2ef0,0x00000000aab00000)
 Metaspace       used 85690K, committed 87424K, reserved 1179648K
  class space    used 8884K, committed 9664K, reserved 1048576K
}
Event: 4196.454 GC heap after
{Heap after GC invocations=1020 (full 4):
 PSYoungGen      total 6144K, used 224K [0x00000000d5580000, 0x00000000d5c80000, 0x0000000100000000)
  eden space 5632K, 0% used [0x00000000d5580000,0x00000000d5580000,0x00000000d5b00000)
  from space 512K, 43% used [0x00000000d5b80000,0x00000000d5bb8000,0x00000000d5c00000)
  to   space 512K, 0% used [0x00000000d5b00000,0x00000000d5b00000,0x00000000d5b80000)
 ParOldGen       total 699392K, used 699259K [0x0000000080000000, 0x00000000aab00000, 0x00000000d5580000)
  object space 699392K, 99% used [0x0000000080000000,0x00000000aaadeef0,0x00000000aab00000)
 Metaspace       used 85690K, committed 87424K, reserved 1179648K
  class space    used 8884K, committed 9664K, reserved 1048576K
}
Event: 4196.464 GC heap before
{Heap before GC invocations=1021 (full 4):
 PSYoungGen      total 6144K, used 4662K [0x00000000d5580000, 0x00000000d5c80000, 0x0000000100000000)
  eden space 5632K, 78% used [0x00000000d5580000,0x00000000d59d5a80,0x00000000d5b00000)
  from space 512K, 43% used [0x00000000d5b80000,0x00000000d5bb8000,0x00000000d5c00000)
  to   space 512K, 0% used [0x00000000d5b00000,0x00000000d5b00000,0x00000000d5b80000)
 ParOldGen       total 699392K, used 699259K [0x0000000080000000, 0x00000000aab00000, 0x00000000d5580000)
  object space 699392K, 99% used [0x0000000080000000,0x00000000aaadeef0,0x00000000aab00000)
 Metaspace       used 85691K, committed 87424K, reserved 1179648K
  class space    used 8884K, committed 9664K, reserved 1048576K
}
Event: 4196.467 GC heap after
{Heap after GC invocations=1021 (full 4):
 PSYoungGen      total 6144K, used 160K [0x00000000d5580000, 0x00000000d5d80000, 0x0000000100000000)
  eden space 5632K, 0% used [0x00000000d5580000,0x00000000d5580000,0x00000000d5b00000)
  from space 512K, 31% used [0x00000000d5b00000,0x00000000d5b28000,0x00000000d5b80000)
  to   space 512K, 0% used [0x00000000d5d00000,0x00000000d5d00000,0x00000000d5d80000)
 ParOldGen       total 699392K, used 699307K [0x0000000080000000, 0x00000000aab00000, 0x00000000d5580000)
  object space 699392K, 99% used [0x0000000080000000,0x00000000aaaeaef0,0x00000000aab00000)
 Metaspace       used 85691K, committed 87424K, reserved 1179648K
  class space    used 8884K, committed 9664K, reserved 1048576K
}
Event: 4196.486 GC heap before
{Heap before GC invocations=1022 (full 4):
 PSYoungGen      total 6144K, used 5785K [0x00000000d5580000, 0x00000000d5d80000, 0x0000000100000000)
  eden space 5632K, 99% used [0x00000000d5580000,0x00000000d5afe418,0x00000000d5b00000)
  from space 512K, 31% used [0x00000000d5b00000,0x00000000d5b28000,0x00000000d5b80000)
  to   space 512K, 0% used [0x00000000d5d00000,0x00000000d5d00000,0x00000000d5d80000)
 ParOldGen       total 699392K, used 699307K [0x0000000080000000, 0x00000000aab00000, 0x00000000d5580000)
  object space 699392K, 99% used [0x0000000080000000,0x00000000aaaeaef0,0x00000000aab00000)
 Metaspace       used 85693K, committed 87424K, reserved 1179648K
  class space    used 8884K, committed 9664K, reserved 1048576K
}
Event: 4198.507 GC heap after
{Heap after GC invocations=1022 (full 4):
 PSYoungGen      total 6144K, used 496K [0x00000000d5580000, 0x00000000d5d80000, 0x0000000100000000)
  eden space 5632K, 0% used [0x00000000d5580000,0x00000000d5580000,0x00000000d5b00000)
  from space 512K, 96% used [0x00000000d5d00000,0x00000000d5d7c010,0x00000000d5d80000)
  to   space 512K, 0% used [0x00000000d5b00000,0x00000000d5b00000,0x00000000d5b80000)
 ParOldGen       total 701440K, used 701100K [0x0000000080000000, 0x00000000aad00000, 0x00000000d5580000)
  object space 701440K, 99% used [0x0000000080000000,0x00000000aacab0a0,0x00000000aad00000)
 Metaspace       used 85693K, committed 87424K, reserved 1179648K
  class space    used 8884K, committed 9664K, reserved 1048576K
}
Event: 4198.539 GC heap before
{Heap before GC invocations=1023 (full 4):
 PSYoungGen      total 6144K, used 5610K [0x00000000d5580000, 0x00000000d5d80000, 0x0000000100000000)
  eden space 5632K, 90% used [0x00000000d5580000,0x00000000d5a7e8a0,0x00000000d5b00000)
  from space 512K, 96% used [0x00000000d5d00000,0x00000000d5d7c010,0x00000000d5d80000)
  to   space 512K, 0% used [0x00000000d5b00000,0x00000000d5b00000,0x00000000d5b80000)
 ParOldGen       total 701440K, used 701100K [0x0000000080000000, 0x00000000aad00000, 0x00000000d5580000)
  object space 701440K, 99% used [0x0000000080000000,0x00000000aacab0a0,0x00000000aad00000)
 Metaspace       used 85697K, committed 87424K, reserved 1179648K
  class space    used 8885K, committed 9664K, reserved 1048576K
}
Event: 4199.547 GC heap after
{Heap after GC invocations=1023 (full 4):
 PSYoungGen      total 6144K, used 176K [0x00000000d5580000, 0x00000000d5e80000, 0x0000000100000000)
  eden space 5632K, 0% used [0x00000000d5580000,0x00000000d5580000,0x00000000d5b00000)
  from space 512K, 34% used [0x00000000d5b00000,0x00000000d5b2c028,0x00000000d5b80000)
  to   space 1024K, 0% used [0x00000000d5d80000,0x00000000d5d80000,0x00000000d5e80000)
 ParOldGen       total 701952K, used 701561K [0x0000000080000000, 0x00000000aad80000, 0x00000000d5580000)
  object space 701952K, 99% used [0x0000000080000000,0x00000000aad1e520,0x00000000aad80000)
 Metaspace       used 85697K, committed 87424K, reserved 1179648K
  class space    used 8885K, committed 9664K, reserved 1048576K
}
Event: 4199.577 GC heap before
{Heap before GC invocations=1024 (full 4):
 PSYoungGen      total 6144K, used 4673K [0x00000000d5580000, 0x00000000d5e80000, 0x0000000100000000)
  eden space 5632K, 79% used [0x00000000d5580000,0x00000000d59e4728,0x00000000d5b00000)
  from space 512K, 34% used [0x00000000d5b00000,0x00000000d5b2c028,0x00000000d5b80000)
  to   space 1024K, 0% used [0x00000000d5d80000,0x00000000d5d80000,0x00000000d5e80000)
 ParOldGen       total 701952K, used 701561K [0x0000000080000000, 0x00000000aad80000, 0x00000000d5580000)
  object space 701952K, 99% used [0x0000000080000000,0x00000000aad1e520,0x00000000aad80000)
 Metaspace       used 85698K, committed 87424K, reserved 1179648K
  class space    used 8885K, committed 9664K, reserved 1048576K
}
Event: 4199.582 GC heap after
{Heap after GC invocations=1024 (full 4):
 PSYoungGen      total 7680K, used 211K [0x00000000d5580000, 0x00000000d5e00000, 0x0000000100000000)
  eden space 7168K, 0% used [0x00000000d5580000,0x00000000d5580000,0x00000000d5c80000)
  from space 512K, 41% used [0x00000000d5d80000,0x00000000d5db4f18,0x00000000d5e00000)
  to   space 512K, 0% used [0x00000000d5d00000,0x00000000d5d00000,0x00000000d5d80000)
 ParOldGen       total 701952K, used 701633K [0x0000000080000000, 0x00000000aad80000, 0x00000000d5580000)
  object space 701952K, 99% used [0x0000000080000000,0x00000000aad30570,0x00000000aad80000)
 Metaspace       used 85698K, committed 87424K, reserved 1179648K
  class space    used 8885K, committed 9664K, reserved 1048576K
}
Event: 4199.605 GC heap before
{Heap before GC invocations=1025 (full 4):
 PSYoungGen      total 7680K, used 6878K [0x00000000d5580000, 0x00000000d5e00000, 0x0000000100000000)
  eden space 7168K, 93% used [0x00000000d5580000,0x00000000d5c02c98,0x00000000d5c80000)
  from space 512K, 41% used [0x00000000d5d80000,0x00000000d5db4f18,0x00000000d5e00000)
  to   space 512K, 0% used [0x00000000d5d00000,0x00000000d5d00000,0x00000000d5d80000)
 ParOldGen       total 701952K, used 701633K [0x0000000080000000, 0x00000000aad80000, 0x00000000d5580000)
  object space 701952K, 99% used [0x0000000080000000,0x00000000aad30570,0x00000000aad80000)
 Metaspace       used 85698K, committed 87424K, reserved 1179648K
  class space    used 8885K, committed 9664K, reserved 1048576K
}
Event: 4199.608 GC heap after
{Heap after GC invocations=1025 (full 4):
 PSYoungGen      total 7680K, used 224K [0x00000000d5580000, 0x00000000d5e00000, 0x0000000100000000)
  eden space 7168K, 0% used [0x00000000d5580000,0x00000000d5580000,0x00000000d5c80000)
  from space 512K, 43% used [0x00000000d5d00000,0x00000000d5d38000,0x00000000d5d80000)
  to   space 512K, 0% used [0x00000000d5d80000,0x00000000d5d80000,0x00000000d5e00000)
 ParOldGen       total 701952K, used 701725K [0x0000000080000000, 0x00000000aad80000, 0x00000000d5580000)
  object space 701952K, 99% used [0x0000000080000000,0x00000000aad47488,0x00000000aad80000)
 Metaspace       used 85698K, committed 87424K, reserved 1179648K
  class space    used 8885K, committed 9664K, reserved 1048576K
}
Event: 4199.640 GC heap before
{Heap before GC invocations=1026 (full 4):
 PSYoungGen      total 7680K, used 6313K [0x00000000d5580000, 0x00000000d5e00000, 0x0000000100000000)
  eden space 7168K, 84% used [0x00000000d5580000,0x00000000d5b72408,0x00000000d5c80000)
  from space 512K, 43% used [0x00000000d5d00000,0x00000000d5d38000,0x00000000d5d80000)
  to   space 512K, 0% used [0x00000000d5d80000,0x00000000d5d80000,0x00000000d5e00000)
 ParOldGen       total 701952K, used 701725K [0x0000000080000000, 0x00000000aad80000, 0x00000000d5580000)
  object space 701952K, 99% used [0x0000000080000000,0x00000000aad47488,0x00000000aad80000)
 Metaspace       used 85700K, committed 87424K, reserved 1179648K
  class space    used 8885K, committed 9664K, reserved 1048576K
}
Event: 4199.645 GC heap after
{Heap after GC invocations=1026 (full 4):
 PSYoungGen      total 7680K, used 512K [0x00000000d5580000, 0x00000000d5e80000, 0x0000000100000000)
  eden space 7168K, 0% used [0x00000000d5580000,0x00000000d5580000,0x00000000d5c80000)
  from space 512K, 100% used [0x00000000d5d80000,0x00000000d5e00000,0x00000000d5e00000)
  to   space 1024K, 0% used [0x00000000d5c80000,0x00000000d5c80000,0x00000000d5d80000)
 ParOldGen       total 701952K, used 701821K [0x0000000080000000, 0x00000000aad80000, 0x00000000d5580000)
  object space 701952K, 99% used [0x0000000080000000,0x00000000aad5f488,0x00000000aad80000)
 Metaspace       used 85700K, committed 87424K, reserved 1179648K
  class space    used 8885K, committed 9664K, reserved 1048576K
}
Event: 4199.668 GC heap before
{Heap before GC invocations=1027 (full 4):
 PSYoungGen      total 7680K, used 7157K [0x00000000d5580000, 0x00000000d5e80000, 0x0000000100000000)
  eden space 7168K, 92% used [0x00000000d5580000,0x00000000d5bfd6c8,0x00000000d5c80000)
  from space 512K, 100% used [0x00000000d5d80000,0x00000000d5e00000,0x00000000d5e00000)
  to   space 1024K, 0% used [0x00000000d5c80000,0x00000000d5c80000,0x00000000d5d80000)
 ParOldGen       total 701952K, used 701821K [0x0000000080000000, 0x00000000aad80000, 0x00000000d5580000)
  object space 701952K, 99% used [0x0000000080000000,0x00000000aad5f488,0x00000000aad80000)
 Metaspace       used 85700K, committed 87424K, reserved 1179648K
  class space    used 8885K, committed 9664K, reserved 1048576K
}
Event: 4199.672 GC heap after
{Heap after GC invocations=1027 (full 4):
 PSYoungGen      total 8192K, used 96K [0x00000000d5580000, 0x00000000d5e00000, 0x0000000100000000)
  eden space 7168K, 0% used [0x00000000d5580000,0x00000000d5580000,0x00000000d5c80000)
  from space 1024K, 9% used [0x00000000d5c80000,0x00000000d5c98000,0x00000000d5d80000)
  to   space 512K, 0% used [0x00000000d5d80000,0x00000000d5d80000,0x00000000d5e00000)
 ParOldGen       total 702464K, used 702322K [0x0000000080000000, 0x00000000aae00000, 0x00000000d5580000)
  object space 702464K, 99% used [0x0000000080000000,0x00000000aaddc908,0x00000000aae00000)
 Metaspace       used 85700K, committed 87424K, reserved 1179648K
  class space    used 8885K, committed 9664K, reserved 1048576K
}
Event: 4199.689 GC heap before
{Heap before GC invocations=1028 (full 4):
 PSYoungGen      total 8192K, used 6752K [0x00000000d5580000, 0x00000000d5e00000, 0x0000000100000000)
  eden space 7168K, 92% used [0x00000000d5580000,0x00000000d5c00378,0x00000000d5c80000)
  from space 1024K, 9% used [0x00000000d5c80000,0x00000000d5c98000,0x00000000d5d80000)
  to   space 512K, 0% used [0x00000000d5d80000,0x00000000d5d80000,0x00000000d5e00000)
 ParOldGen       total 702464K, used 702322K [0x0000000080000000, 0x00000000aae00000, 0x00000000d5580000)
  object space 702464K, 99% used [0x0000000080000000,0x00000000aaddc908,0x00000000aae00000)
 Metaspace       used 85700K, committed 87424K, reserved 1179648K
  class space    used 8885K, committed 9664K, reserved 1048576K
}
Event: 4199.693 GC heap after
{Heap after GC invocations=1028 (full 4):
 PSYoungGen      total 7680K, used 160K [0x00000000d5580000, 0x00000000d5e00000, 0x0000000100000000)
  eden space 7168K, 0% used [0x00000000d5580000,0x00000000d5580000,0x00000000d5c80000)
  from space 512K, 31% used [0x00000000d5d80000,0x00000000d5da8000,0x00000000d5e00000)
  to   space 512K, 0% used [0x00000000d5d00000,0x00000000d5d00000,0x00000000d5d80000)
 ParOldGen       total 702464K, used 702354K [0x0000000080000000, 0x00000000aae00000, 0x00000000d5580000)
  object space 702464K, 99% used [0x0000000080000000,0x00000000aade4908,0x00000000aae00000)
 Metaspace       used 85700K, committed 87424K, reserved 1179648K
  class space    used 8885K, committed 9664K, reserved 1048576K
}
Event: 4199.718 GC heap before
{Heap before GC invocations=1029 (full 4):
 PSYoungGen      total 7680K, used 6281K [0x00000000d5580000, 0x00000000d5e00000, 0x0000000100000000)
  eden space 7168K, 85% used [0x00000000d5580000,0x00000000d5b7a430,0x00000000d5c80000)
  from space 512K, 31% used [0x00000000d5d80000,0x00000000d5da8000,0x00000000d5e00000)
  to   space 512K, 0% used [0x00000000d5d00000,0x00000000d5d00000,0x00000000d5d80000)
 ParOldGen       total 702464K, used 702354K [0x0000000080000000, 0x00000000aae00000, 0x00000000d5580000)
  object space 702464K, 99% used [0x0000000080000000,0x00000000aade4908,0x00000000aae00000)
 Metaspace       used 85701K, committed 87424K, reserved 1179648K
  class space    used 8885K, committed 9664K, reserved 1048576K
}
Event: 4199.724 GC heap after
{Heap after GC invocations=1029 (full 4):
 PSYoungGen      total 7680K, used 512K [0x00000000d5580000, 0x00000000d5e80000, 0x0000000100000000)
  eden space 7168K, 0% used [0x00000000d5580000,0x00000000d5580000,0x00000000d5c80000)
  from space 512K, 100% used [0x00000000d5d00000,0x00000000d5d80000,0x00000000d5d80000)
  to   space 1024K, 0% used [0x00000000d5d80000,0x00000000d5d80000,0x00000000d5e80000)
 ParOldGen       total 702464K, used 702426K [0x0000000080000000, 0x00000000aae00000, 0x00000000d5580000)
  object space 702464K, 99% used [0x0000000080000000,0x00000000aadf6908,0x00000000aae00000)
 Metaspace       used 85701K, committed 87424K, reserved 1179648K
  class space    used 8885K, committed 9664K, reserved 1048576K
}

