# JRE version: OpenJDK Runtime Environment Temurin-21.0.9+10 (21.0.9+10) (build 21.0.9+10-LTS)
# Java VM: OpenJDK 64-Bit Server VM Temurin-21.0.9+10 (21.0.9+10-LTS, mixed mode, sharing, tiered, compressed oops, compressed class ptrs, parallel gc, windows-amd64)
GC Precious Log:
 CardTable entry size: 512
 CPUs: 8 total, 8 available
 Memory: 5966M
 Large Page Support: Disabled
 NUMA Support: Disabled
 Compressed Oops: Enabled (32-bit)
 Alignments: Space 512K, Generation 512K, Heap 2M
 Heap Min Capacity: 100M
 Heap Initial Capacity: 100M
 Heap Max Capacity: 2G
 Pre-touch: Disabled
 Parallel Workers: 8
Heap:
 PSYoungGen      total 18944K, used 2710K [0x00000000d5580000, 0x00000000d6980000, 0x0000000100000000)
  eden space 17408K, 8% used [0x00000000d5580000,0x00000000d56e5330,0x00000000d6680000)
  from space 1536K, 83% used [0x00000000d6800000,0x00000000d6940540,0x00000000d6980000)
  to   space 1536K, 0% used [0x00000000d6680000,0x00000000d6680000,0x00000000d6800000)
 ParOldGen       total 68608K, used 50806K [0x0000000080000000, 0x0000000084300000, 0x00000000d5580000)
  object space 68608K, 74% used [0x0000000080000000,0x000000008319dad0,0x0000000084300000)
 Metaspace       used 68061K, committed 69568K, reserved 1114112K
  class space    used 7316K, committed 7936K, reserved 1048576K
GC Heap History (20 events):
Event: 40.181 GC heap before
{Heap before GC invocations=40 (full 3):
 PSYoungGen      total 19968K, used 19792K [0x00000000d5580000, 0x00000000d6c80000, 0x0000000100000000)
  eden space 17920K, 100% used [0x00000000d5580000,0x00000000d6700000,0x00000000d6700000)
  from space 2048K, 91% used [0x00000000d6a80000,0x00000000d6c54030,0x00000000d6c80000)
  to   space 2560K, 0% used [0x00000000d6780000,0x00000000d6780000,0x00000000d6a00000)
 ParOldGen       total 68608K, used 43480K [0x0000000080000000, 0x0000000084300000, 0x00000000d5580000)
  object space 68608K, 63% used [0x0000000080000000,0x0000000082a763b0,0x0000000084300000)
 Metaspace       used 60146K, committed 61632K, reserved 1114112K
  class space    used 6572K, committed 7168K, reserved 1048576K
}
Event: 40.184 GC heap after
{Heap after GC invocations=40 (full 3):
 PSYoungGen      total 19456K, used 1039K [0x00000000d5580000, 0x00000000d6b00000, 0x0000000100000000)
  eden space 17920K, 0% used [0x00000000d5580000,0x00000000d5580000,0x00000000d6700000)
  from space 1536K, 67% used [0x00000000d6780000,0x00000000d6883d10,0x00000000d6900000)
  to   space 1536K, 0% used [0x00000000d6980000,0x00000000d6980000,0x00000000d6b00000)
 ParOldGen       total 68608K, used 44853K [0x0000000080000000, 0x0000000084300000, 0x00000000d5580000)
  object space 68608K, 65% used [0x0000000080000000,0x0000000082bcd7b8,0x0000000084300000)
 Metaspace       used 60146K, committed 61632K, reserved 1114112K
  class space    used 6572K, committed 7168K, reserved 1048576K
}
Event: 40.352 GC heap before
{Heap before GC invocations=41 (full 3):
 PSYoungGen      total 19456K, used 18959K [0x00000000d5580000, 0x00000000d6b00000, 0x0000000100000000)
  eden space 17920K, 100% used [0x00000000d5580000,0x00000000d6700000,0x00000000d6700000)
  from space 1536K, 67% used [0x00000000d6780000,0x00000000d6883d10,0x00000000d6900000)
  to   space 1536K, 0% used [0x00000000d6980000,0x00000000d6980000,0x00000000d6b00000)
 ParOldGen       total 68608K, used 44853K [0x0000000080000000, 0x0000000084300000, 0x00000000d5580000)
  object space 68608K, 65% used [0x0000000080000000,0x0000000082bcd7b8,0x0000000084300000)
 Metaspace       used 60350K, committed 61824K, reserved 1114112K
  class space    used 6579K, committed 7168K, reserved 1048576K
}
Event: 40.357 GC heap after
{Heap after GC invocations=41 (full 3):
 PSYoungGen      total 18944K, used 1504K [0x00000000d5580000, 0x00000000d6d00000, 0x0000000100000000)
  eden space 17408K, 0% used [0x00000000d5580000,0x00000000d5580000,0x00000000d6680000)
  from space 1536K, 97% used [0x00000000d6980000,0x00000000d6af8020,0x00000000d6b00000)
  to   space 3072K, 0% used [0x00000000d6680000,0x00000000d6680000,0x00000000d6980000)
 ParOldGen       total 68608K, used 45835K [0x0000000080000000, 0x0000000084300000, 0x00000000d5580000)
  object space 68608K, 66% used [0x0000000080000000,0x0000000082cc2c70,0x0000000084300000)
 Metaspace       used 60350K, committed 61824K, reserved 1114112K
  class space    used 6579K, committed 7168K, reserved 1048576K
}
Event: 40.489 GC heap before
{Heap before GC invocations=42 (full 3):
 PSYoungGen      total 18944K, used 18912K [0x00000000d5580000, 0x00000000d6d00000, 0x0000000100000000)
  eden space 17408K, 100% used [0x00000000d5580000,0x00000000d6680000,0x00000000d6680000)
  from space 1536K, 97% used [0x00000000d6980000,0x00000000d6af8020,0x00000000d6b00000)
  to   space 3072K, 0% used [0x00000000d6680000,0x00000000d6680000,0x00000000d6980000)
 ParOldGen       total 68608K, used 45835K [0x0000000080000000, 0x0000000084300000, 0x00000000d5580000)
  object space 68608K, 66% used [0x0000000080000000,0x0000000082cc2c70,0x0000000084300000)
 Metaspace       used 60573K, committed 62080K, reserved 1114112K
  class space    used 6597K, committed 7232K, reserved 1048576K
}
Event: 40.493 GC heap after
{Heap after GC invocations=42 (full 3):
 PSYoungGen      total 19968K, used 2166K [0x00000000d5580000, 0x00000000d6b80000, 0x0000000100000000)
  eden space 17408K, 0% used [0x00000000d5580000,0x00000000d5580000,0x00000000d6680000)
  from space 2560K, 84% used [0x00000000d6680000,0x00000000d689d830,0x00000000d6900000)
  to   space 2560K, 0% used [0x00000000d6900000,0x00000000d6900000,0x00000000d6b80000)
 ParOldGen       total 68608K, used 46442K [0x0000000080000000, 0x0000000084300000, 0x00000000d5580000)
  object space 68608K, 67% used [0x0000000080000000,0x0000000082d5aa10,0x0000000084300000)
 Metaspace       used 60573K, committed 62080K, reserved 1114112K
  class space    used 6597K, committed 7232K, reserved 1048576K
}
Event: 40.858 GC heap before
{Heap before GC invocations=43 (full 3):
 PSYoungGen      total 19968K, used 19574K [0x00000000d5580000, 0x00000000d6b80000, 0x0000000100000000)
  eden space 17408K, 100% used [0x00000000d5580000,0x00000000d6680000,0x00000000d6680000)
  from space 2560K, 84% used [0x00000000d6680000,0x00000000d689d830,0x00000000d6900000)
  to   space 2560K, 0% used [0x00000000d6900000,0x00000000d6900000,0x00000000d6b80000)
 ParOldGen       total 68608K, used 46442K [0x0000000080000000, 0x0000000084300000, 0x00000000d5580000)
  object space 68608K, 67% used [0x0000000080000000,0x0000000082d5aa10,0x0000000084300000)
 Metaspace       used 62072K, committed 63552K, reserved 1114112K
  class space    used 6723K, committed 7360K, reserved 1048576K
}
Event: 40.861 GC heap after
{Heap after GC invocations=43 (full 3):
 PSYoungGen      total 18432K, used 796K [0x00000000d5580000, 0x00000000d6a00000, 0x0000000100000000)
  eden space 17408K, 0% used [0x00000000d5580000,0x00000000d5580000,0x00000000d6680000)
  from space 1024K, 77% used [0x00000000d6900000,0x00000000d69c7220,0x00000000d6a00000)
  to   space 1536K, 0% used [0x00000000d6700000,0x00000000d6700000,0x00000000d6880000)
 ParOldGen       total 68608K, used 46838K [0x0000000080000000, 0x0000000084300000, 0x00000000d5580000)
  object space 68608K, 68% used [0x0000000080000000,0x0000000082dbd940,0x0000000084300000)
 Metaspace       used 62072K, committed 63552K, reserved 1114112K
  class space    used 6723K, committed 7360K, reserved 1048576K
}
Event: 41.212 GC heap before
{Heap before GC invocations=44 (full 3):
 PSYoungGen      total 18432K, used 18204K [0x00000000d5580000, 0x00000000d6a00000, 0x0000000100000000)
  eden space 17408K, 100% used [0x00000000d5580000,0x00000000d6680000,0x00000000d6680000)
  from space 1024K, 77% used [0x00000000d6900000,0x00000000d69c7220,0x00000000d6a00000)
  to   space 1536K, 0% used [0x00000000d6700000,0x00000000d6700000,0x00000000d6880000)
 ParOldGen       total 68608K, used 46838K [0x0000000080000000, 0x0000000084300000, 0x00000000d5580000)
  object space 68608K, 68% used [0x0000000080000000,0x0000000082dbd940,0x0000000084300000)
 Metaspace       used 63874K, committed 65472K, reserved 1114112K
  class space    used 6943K, committed 7616K, reserved 1048576K
}
Event: 41.215 GC heap after
{Heap after GC invocations=44 (full 3):
 PSYoungGen      total 18944K, used 1119K [0x00000000d5580000, 0x00000000d6980000, 0x0000000100000000)
  eden space 17408K, 0% used [0x00000000d5580000,0x00000000d5580000,0x00000000d6680000)
  from space 1536K, 72% used [0x00000000d6700000,0x00000000d6817c48,0x00000000d6880000)
  to   space 1024K, 0% used [0x00000000d6880000,0x00000000d6880000,0x00000000d6980000)
 ParOldGen       total 68608K, used 47450K [0x0000000080000000, 0x0000000084300000, 0x00000000d5580000)
  object space 68608K, 69% used [0x0000000080000000,0x0000000082e56890,0x0000000084300000)
 Metaspace       used 63874K, committed 65472K, reserved 1114112K
  class space    used 6943K, committed 7616K, reserved 1048576K
}
Event: 41.544 GC heap before
{Heap before GC invocations=45 (full 3):
 PSYoungGen      total 18944K, used 18527K [0x00000000d5580000, 0x00000000d6980000, 0x0000000100000000)
  eden space 17408K, 100% used [0x00000000d5580000,0x00000000d6680000,0x00000000d6680000)
  from space 1536K, 72% used [0x00000000d6700000,0x00000000d6817c48,0x00000000d6880000)
  to   space 1024K, 0% used [0x00000000d6880000,0x00000000d6880000,0x00000000d6980000)
 ParOldGen       total 68608K, used 47450K [0x0000000080000000, 0x0000000084300000, 0x00000000d5580000)
  object space 68608K, 69% used [0x0000000080000000,0x0000000082e56890,0x0000000084300000)
 Metaspace       used 65571K, committed 67136K, reserved 1114112K
  class space    used 7114K, committed 7744K, reserved 1048576K
}
Event: 41.546 GC heap after
{Heap after GC invocations=45 (full 3):
 PSYoungGen      total 18432K, used 650K [0x00000000d5580000, 0x00000000d6980000, 0x0000000100000000)
  eden space 17408K, 0% used [0x00000000d5580000,0x00000000d5580000,0x00000000d6680000)
  from space 1024K, 63% used [0x00000000d6880000,0x00000000d6922990,0x00000000d6980000)
  to   space 1024K, 0% used [0x00000000d6780000,0x00000000d6780000,0x00000000d6880000)
 ParOldGen       total 68608K, used 48407K [0x0000000080000000, 0x0000000084300000, 0x00000000d5580000)
  object space 68608K, 70% used [0x0000000080000000,0x0000000082f45e20,0x0000000084300000)
 Metaspace       used 65571K, committed 67136K, reserved 1114112K
  class space    used 7114K, committed 7744K, reserved 1048576K
}
Event: 41.971 GC heap before
{Heap before GC invocations=46 (full 3):
 PSYoungGen      total 18432K, used 18058K [0x00000000d5580000, 0x00000000d6980000, 0x0000000100000000)
  eden space 17408K, 100% used [0x00000000d5580000,0x00000000d6680000,0x00000000d6680000)
  from space 1024K, 63% used [0x00000000d6880000,0x00000000d6922990,0x00000000d6980000)
  to   space 1024K, 0% used [0x00000000d6780000,0x00000000d6780000,0x00000000d6880000)
 ParOldGen       total 68608K, used 48407K [0x0000000080000000, 0x0000000084300000, 0x00000000d5580000)
  object space 68608K, 70% used [0x0000000080000000,0x0000000082f45e20,0x0000000084300000)
 Metaspace       used 66637K, committed 68160K, reserved 1114112K
  class space    used 7216K, committed 7872K, reserved 1048576K
}
Event: 41.975 GC heap after
{Heap after GC invocations=46 (full 3):
 PSYoungGen      total 18432K, used 1016K [0x00000000d5580000, 0x00000000d6a80000, 0x0000000100000000)
  eden space 17408K, 0% used [0x00000000d5580000,0x00000000d5580000,0x00000000d6680000)
  from space 1024K, 99% used [0x00000000d6780000,0x00000000d687e0f8,0x00000000d6880000)
  to   space 2048K, 0% used [0x00000000d6880000,0x00000000d6880000,0x00000000d6a80000)
 ParOldGen       total 68608K, used 49207K [0x0000000080000000, 0x0000000084300000, 0x00000000d5580000)
  object space 68608K, 71% used [0x0000000080000000,0x000000008300de70,0x0000000084300000)
 Metaspace       used 66637K, committed 68160K, reserved 1114112K
  class space    used 7216K, committed 7872K, reserved 1048576K
}
Event: 45.249 GC heap before
{Heap before GC invocations=47 (full 3):
 PSYoungGen      total 18432K, used 18424K [0x00000000d5580000, 0x00000000d6a80000, 0x0000000100000000)
  eden space 17408K, 100% used [0x00000000d5580000,0x00000000d6680000,0x00000000d6680000)
  from space 1024K, 99% used [0x00000000d6780000,0x00000000d687e0f8,0x00000000d6880000)
  to   space 2048K, 0% used [0x00000000d6880000,0x00000000d6880000,0x00000000d6a80000)
 ParOldGen       total 68608K, used 49207K [0x0000000080000000, 0x0000000084300000, 0x00000000d5580000)
  object space 68608K, 71% used [0x0000000080000000,0x000000008300de70,0x0000000084300000)
 Metaspace       used 66932K, committed 68544K, reserved 1114112K
  class space    used 7239K, committed 7872K, reserved 1048576K
}
Event: 45.253 GC heap after
{Heap after GC invocations=47 (full 3):
 PSYoungGen      total 19456K, used 1422K [0x00000000d5580000, 0x00000000d6a80000, 0x0000000100000000)
  eden space 17408K, 0% used [0x00000000d5580000,0x00000000d5580000,0x00000000d6680000)
  from space 2048K, 69% used [0x00000000d6880000,0x00000000d69e3b90,0x00000000d6a80000)
  to   space 2048K, 0% used [0x00000000d6680000,0x00000000d6680000,0x00000000d6880000)
 ParOldGen       total 68608K, used 50161K [0x0000000080000000, 0x0000000084300000, 0x00000000d5580000)
  object space 68608K, 73% used [0x0000000080000000,0x00000000830fc640,0x0000000084300000)
 Metaspace       used 66932K, committed 68544K, reserved 1114112K
  class space    used 7239K, committed 7872K, reserved 1048576K
}
Event: 61.397 GC heap before
{Heap before GC invocations=48 (full 3):
 PSYoungGen      total 19456K, used 18830K [0x00000000d5580000, 0x00000000d6a80000, 0x0000000100000000)
  eden space 17408K, 100% used [0x00000000d5580000,0x00000000d6680000,0x00000000d6680000)
  from space 2048K, 69% used [0x00000000d6880000,0x00000000d69e3b90,0x00000000d6a80000)
  to   space 2048K, 0% used [0x00000000d6680000,0x00000000d6680000,0x00000000d6880000)
 ParOldGen       total 68608K, used 50161K [0x0000000080000000, 0x0000000084300000, 0x00000000d5580000)
  object space 68608K, 73% used [0x0000000080000000,0x00000000830fc640,0x0000000084300000)
 Metaspace       used 67422K, committed 68992K, reserved 1114112K
  class space    used 7269K, committed 7936K, reserved 1048576K
}
Event: 61.399 GC heap after
{Heap after GC invocations=48 (full 3):
 PSYoungGen      total 18432K, used 768K [0x00000000d5580000, 0x00000000d6980000, 0x0000000100000000)
  eden space 17408K, 0% used [0x00000000d5580000,0x00000000d5580000,0x00000000d6680000)
  from space 1024K, 75% used [0x00000000d6680000,0x00000000d6740000,0x00000000d6780000)
  to   space 1536K, 0% used [0x00000000d6800000,0x00000000d6800000,0x00000000d6980000)
 ParOldGen       total 68608K, used 50265K [0x0000000080000000, 0x0000000084300000, 0x00000000d5580000)
  object space 68608K, 73% used [0x0000000080000000,0x0000000083116640,0x0000000084300000)
 Metaspace       used 67422K, committed 68992K, reserved 1114112K
  class space    used 7269K, committed 7936K, reserved 1048576K
}
Event: 331.163 GC heap before
{Heap before GC invocations=49 (full 3):
 PSYoungGen      total 18432K, used 18170K [0x00000000d5580000, 0x00000000d6980000, 0x0000000100000000)
  eden space 17408K, 99% used [0x00000000d5580000,0x00000000d667e9e0,0x00000000d6680000)
  from space 1024K, 75% used [0x00000000d6680000,0x00000000d6740000,0x00000000d6780000)
  to   space 1536K, 0% used [0x00000000d6800000,0x00000000d6800000,0x00000000d6980000)
 ParOldGen       total 68608K, used 50265K [0x0000000080000000, 0x0000000084300000, 0x00000000d5580000)
  object space 68608K, 73% used [0x0000000080000000,0x0000000083116640,0x0000000084300000)
 Metaspace       used 67901K, committed 69440K, reserved 1114112K
  class space    used 7301K, committed 7936K, reserved 1048576K
}
Event: 331.191 GC heap after
{Heap after GC invocations=49 (full 3):
 PSYoungGen      total 18944K, used 1281K [0x00000000d5580000, 0x00000000d6980000, 0x0000000100000000)
  eden space 17408K, 0% used [0x00000000d5580000,0x00000000d5580000,0x00000000d6680000)
  from space 1536K, 83% used [0x00000000d6800000,0x00000000d6940540,0x00000000d6980000)
  to   space 1536K, 0% used [0x00000000d6680000,0x00000000d6680000,0x00000000d6800000)
 ParOldGen       total 68608K, used 50806K [0x0000000080000000, 0x0000000084300000, 0x00000000d5580000)
  object space 68608K, 74% used [0x0000000080000000,0x000000008319dad0,0x0000000084300000)
 Metaspace       used 67901K, committed 69440K, reserved 1114112K
  class space    used 7301K, committed 7936K, reserved 1048576K
}

